<?xml version="1.0" encoding="UTF-8"?>
<!-- Generated by org.testng.reporters.JUnitReportReporter -->
<testsuite hostname="DESKTOP-6RDAJ8O" failures="0" tests="5" name="litigationCompanyAdmin.CompanyAdmin" time="748.203" errors="0" timestamp="2022-12-30T10:44:02 IST" skipped="0">
  <testcase classname="litigationCompanyAdmin.CompanyAdmin" name="Login" time="12.635"/>
  <system-out/>
  <testcase classname="litigationCompanyAdmin.CompanyAdmin" name="DashBoardFilter" time="84.790"/>
  <system-out/>
  <testcase classname="litigationCompanyAdmin.CompanyAdmin" name="WorkspaceFilter" time="219.294"/>
  <system-out/>
  <testcase classname="litigationCompanyAdmin.CompanyAdmin" name="DocumentFilter" time="203.123"/>
  <system-out/>
  <testcase classname="litigationCompanyAdmin.CompanyAdmin" name="ReportFilter" time="228.361"/>
  <system-out/>
</testsuite> <!-- litigationCompanyAdmin.CompanyAdmin -->
