<?xml version="1.0" encoding="UTF-8"?>
<!-- Generated by org.testng.reporters.JUnitReportReporter -->
<testsuite hostname="DESKTOP-6RDAJ8O" failures="0" tests="2" name="litigationManagement.CFO" time="151.741" errors="0" timestamp="2023-01-17T19:59:22 IST" skipped="0">
  <testcase classname="litigationManagement.CFO" name="Login" time="10.604"/>
  <system-out/>
  <testcase classname="litigationManagement.CFO" name="NoticeOpen" time="141.137"/>
  <system-out/>
</testsuite> <!-- litigationManagement.CFO -->
