<?xml version="1.0" encoding="UTF-8"?>
<!-- Generated by org.testng.reporters.JUnitReportReporter -->
<testsuite hostname="DESKTOP-6RDAJ8O" failures="0" tests="3" name="litigationCompanyAdmin.CompanyAdmin" time="341.149" errors="0" timestamp="2022-12-27T19:47:10 IST" skipped="0">
  <testcase classname="litigationCompanyAdmin.CompanyAdmin" name="Login" time="13.301"/>
  <system-out/>
  <testcase classname="litigationCompanyAdmin.CompanyAdmin" name="AdvancedSearch" time="134.681"/>
  <system-out/>
  <testcase classname="litigationCompanyAdmin.CompanyAdmin" name="MyReminder" time="193.167"/>
  <system-out/>
</testsuite> <!-- litigationCompanyAdmin.CompanyAdmin -->
