<?xml version="1.0" encoding="UTF-8"?>
<!-- Generated by org.testng.reporters.JUnitReportReporter -->
<testsuite hostname="DESKTOP-6RDAJ8O" failures="0" tests="8" name="litigationManagement.CFO" time="835.751" errors="0" timestamp="2023-01-10T15:54:28 IST" skipped="0">
  <testcase classname="litigationManagement.CFO" name="Login" time="10.447"/>
  <system-out/>
  <testcase classname="litigationManagement.CFO" name="DocumentFilter" time="200.616"/>
  <system-out/>
  <testcase classname="litigationManagement.CFO" name="MyDocument" time="77.480"/>
  <system-out/>
  <testcase classname="litigationManagement.CFO" name="ReportFilter" time="206.692"/>
  <system-out/>
  <testcase classname="litigationManagement.CFO" name="MyReports" time="55.639"/>
  <system-out/>
  <testcase classname="litigationManagement.CFO" name="AdvancedSearch" time="129.725"/>
  <system-out/>
  <testcase classname="litigationManagement.CFO" name="MoreReports" time="58.616"/>
  <system-out/>
  <testcase classname="litigationManagement.CFO" name="AdvancedSearchDoc" time="96.536"/>
  <system-out/>
</testsuite> <!-- litigationManagement.CFO -->
