<?xml version="1.0" encoding="UTF-8"?>
<!-- Generated by org.testng.reporters.JUnitReportReporter -->
<testsuite hostname="DESKTOP-6RDAJ8O" failures="0" tests="2" name="litigationCompanyAdmin.CompanyAdmin" time="69.514" errors="0" timestamp="2022-12-23T19:47:54 IST" skipped="0">
  <testcase classname="litigationCompanyAdmin.CompanyAdmin" name="Login" time="14.744"/>
  <system-out/>
  <testcase classname="litigationCompanyAdmin.CompanyAdmin" name="MyReports" time="54.770"/>
  <system-out/>
</testsuite> <!-- litigationCompanyAdmin.CompanyAdmin -->
