<?xml version="1.0" encoding="UTF-8"?>
<!-- Generated by org.testng.reporters.JUnitReportReporter -->
<testsuite hostname="DESKTOP-6RDAJ8O" failures="0" tests="5" name="litigationPerformer.performer" time="414.282" errors="0" timestamp="2023-01-23T19:29:15 IST" skipped="0">
  <testcase classname="litigationPerformer.performer" name="Login" time="7.736"/>
  <system-out/>
  <testcase classname="litigationPerformer.performer" name="MoreReports" time="63.124"/>
  <system-out/>
  <testcase classname="litigationPerformer.performer" name="WorkspaceFilter" time="123.532"/>
  <system-out/>
  <testcase classname="litigationPerformer.performer" name="DocumentFilter" time="91.432"/>
  <system-out/>
  <testcase classname="litigationPerformer.performer" name="ReportFilter" time="128.458"/>
  <system-out/>
</testsuite> <!-- litigationPerformer.performer -->
