<?xml version="1.0" encoding="UTF-8"?>
<!-- Generated by org.testng.reporters.JUnitReportReporter -->
<testsuite hostname="DESKTOP-6RDAJ8O" failures="0" tests="3" name="litigationManagement.CFO" time="67.759" errors="0" timestamp="2023-01-04T19:43:13 IST" skipped="0">
  <testcase classname="litigationManagement.CFO" name="Login" time="10.282"/>
  <system-out/>
  <testcase classname="litigationManagement.CFO" name="CaseTaskActivity" time="43.909"/>
  <system-out/>
  <testcase classname="litigationManagement.CFO" name="CaseHearing" time="13.568"/>
  <system-out/>
</testsuite> <!-- litigationManagement.CFO -->
