<?xml version="1.0" encoding="UTF-8"?>
<!-- Generated by org.testng.reporters.JUnitReportReporter -->
<testsuite hostname="DESKTOP-6RDAJ8O" failures="0" tests="4" name="litigationCompanyAdmin.CompanyAdmin" time="107.089" errors="0" timestamp="2023-01-13T12:16:10 IST" skipped="0">
  <testcase classname="litigationCompanyAdmin.CompanyAdmin" name="Login" time="18.710"/>
  <system-out/>
  <testcase classname="litigationCompanyAdmin.CompanyAdmin" name="NoticeClosed" time="29.966"/>
  <system-out/>
  <testcase classname="litigationCompanyAdmin.CompanyAdmin" name="CaseClose" time="26.261"/>
  <system-out/>
  <testcase classname="litigationCompanyAdmin.CompanyAdmin" name="CloseNotice" time="32.152"/>
  <system-out/>
</testsuite> <!-- litigationCompanyAdmin.CompanyAdmin -->
