<?xml version="1.0" encoding="UTF-8"?>
<!-- Generated by org.testng.reporters.JUnitReportReporter -->
<testsuite hostname="DESKTOP-6RDAJ8O" failures="0" tests="5" name="litigationPerformer.performer" time="315.060" errors="0" timestamp="2023-01-20T19:04:18 IST" skipped="0">
  <testcase classname="litigationPerformer.performer" name="Login" time="9.783"/>
  <system-out/>
  <testcase classname="litigationPerformer.performer" name="HearingCalender" time="36.020"/>
  <system-out/>
  <testcase classname="litigationPerformer.performer" name="AdvancedSearchworkspace" time="97.332"/>
  <system-out/>
  <testcase classname="litigationPerformer.performer" name="AdvancedSearchDoc" time="73.480"/>
  <system-out/>
  <testcase classname="litigationPerformer.performer" name="AdvancedSearch" time="98.445"/>
  <system-out/>
</testsuite> <!-- litigationPerformer.performer -->
