<?xml version="1.0" encoding="UTF-8"?>
<!-- Generated by org.testng.reporters.JUnitReportReporter -->
<testsuite hostname="DESKTOP-6RDAJ8O" failures="0" tests="2" name="litigationPerformer.performer" time="61.375" errors="0" timestamp="2022-12-26T15:45:30 IST" skipped="0">
  <testcase classname="litigationPerformer.performer" name="Login" time="13.687"/>
  <system-out/>
  <testcase classname="litigationPerformer.performer" name="HearingCalender" time="47.688"/>
  <system-out/>
</testsuite> <!-- litigationPerformer.performer -->
