<?xml version="1.0" encoding="UTF-8"?>
<!-- Generated by org.testng.reporters.JUnitReportReporter -->
<testsuite hostname="DESKTOP-6RDAJ8O" failures="0" tests="2" name="litigationCompanyAdmin.CompanyAdmin" time="214.343" errors="0" timestamp="2023-01-04T10:32:49 IST" skipped="0">
  <testcase classname="litigationCompanyAdmin.CompanyAdmin" name="Login" time="17.579"/>
  <system-out/>
  <testcase classname="litigationCompanyAdmin.CompanyAdmin" name="WorkspaceFilter" time="196.764"/>
  <system-out/>
</testsuite> <!-- litigationCompanyAdmin.CompanyAdmin -->
