<?xml version="1.0" encoding="UTF-8"?>
<!-- Generated by org.testng.reporters.JUnitReportReporter -->
<testsuite hostname="DESKTOP-6RDAJ8O" failures="0" tests="3" name="litigationPerformer.performer" time="59.607" errors="0" timestamp="2023-01-13T12:10:53 IST" skipped="0">
  <testcase classname="litigationPerformer.performer" name="Login" time="12.321"/>
  <system-out/>
  <testcase classname="litigationPerformer.performer" name="NoticeClosed" time="23.883"/>
  <system-out/>
  <testcase classname="litigationPerformer.performer" name="CaseClose" time="23.403"/>
  <system-out/>
</testsuite> <!-- litigationPerformer.performer -->
