<?xml version="1.0" encoding="UTF-8"?>
<!-- Generated by org.testng.reporters.JUnitReportReporter -->
<testsuite hostname="DESKTOP-6RDAJ8O" failures="0" tests="8" name="litigationManagement.CFO" time="436.882" errors="0" timestamp="2023-01-19T19:23:21 IST" skipped="0">
  <testcase classname="litigationManagement.CFO" name="Login" time="11.105"/>
  <system-out/>
  <testcase classname="litigationManagement.CFO" name="HearingCalender" time="33.048"/>
  <system-out/>
  <testcase classname="litigationManagement.CFO" name="Draft" time="10.705"/>
  <system-out/>
  <testcase classname="litigationManagement.CFO" name="CaseHearing" time="24.366"/>
  <system-out/>
  <testcase classname="litigationManagement.CFO" name="NoticeDocViewandDownload" time="39.351"/>
  <system-out/>
  <testcase classname="litigationManagement.CFO" name="WorkspaceFilter" time="108.467"/>
  <system-out/>
  <testcase classname="litigationManagement.CFO" name="DocumentFilter" time="101.261"/>
  <system-out/>
  <testcase classname="litigationManagement.CFO" name="ReportFilter" time="108.579"/>
  <system-out/>
</testsuite> <!-- litigationManagement.CFO -->
