<?xml version="1.0" encoding="UTF-8"?>
<!-- Generated by org.testng.reporters.JUnitReportReporter -->
<testsuite hostname="DESKTOP-6RDAJ8O" failures="0" tests="2" name="litigationManagement.CFO" time="113.055" errors="0" timestamp="2023-01-02T19:26:41 IST" skipped="0">
  <testcase classname="litigationManagement.CFO" name="Login" time="10.293"/>
  <system-out/>
  <testcase classname="litigationManagement.CFO" name="NoticeOpen" time="102.762"/>
  <system-out/>
</testsuite> <!-- litigationManagement.CFO -->
